<ERROR_BLOCK>
errorInfo: mysqli::__construct(): (HY000/2002): Connection refused
errorFile: IWEB_PATH/lib/db/driver/mysqli_class.php
errorLine: 27
errorCode: 2
errorTime: 2018-07-23 16:07:22
#0 IWEB_PATH/lib/db/driver/mysqli_class.php(27): mysqli->__construct(127.0.0.1,root,root,iwebshopdata,3306)
#1 IWEB_PATH/lib/db/db_class.php(59): IMysqli->connect()
#2 IWEB_PATH/lib/db/db_class.php(144): IDB->rTarget()
#3 IWEB_PATH/lib/web/model/model_class.php(217): IDB->query(SELECT class_name FROM iwebshop_plugin WHERE is_open = 1 ORDER BY sort asc limit 50000)
#4 IWEB_PATH/classes/plugin.php(32): IModel->query(is_open = 1,class_name,sort asc)
#5 IWEB_PATH/classes/plugin.php(211): plugin::init()
#6 IWEB_PATH/lib/core/interceptor_class.php(116): plugin::onCreateApp()
#7 IWEB_PATH/lib/core/application_class.php(93): IInterceptor::trigger(onCreateApp)
#8 IWEB_PATH/index.php(5): IApplication->run()
</ERROR_BLOCK>

<ERROR_BLOCK>
excepInfo: Connection refused
excepFile: IWEB_PATH/lib/db/driver/mysqli_class.php
excepLine: 30
excepCode: 1000
excepTime: 2018-07-23 16:07:22
#0 IWEB_PATH/lib/db/db_class.php(59): IMysqli->connect()
#1 IWEB_PATH/lib/db/db_class.php(144): IDB->rTarget()
#2 IWEB_PATH/lib/web/model/model_class.php(217): IDB->query(SELECT class_name FROM iwebshop_plugin WHERE is_open = 1 ORDER BY sort asc limit 50000)
#3 IWEB_PATH/classes/plugin.php(32): IModel->query(is_open = 1,class_name,sort asc)
#4 IWEB_PATH/classes/plugin.php(211): plugin::init()
#5 IWEB_PATH/lib/core/interceptor_class.php(116): plugin::onCreateApp()
#6 IWEB_PATH/lib/core/application_class.php(93): IInterceptor::trigger(onCreateApp)
#7 IWEB_PATH/index.php(5): IApplication->run()
</ERROR_BLOCK>

